<?xml version="1.0" encoding="UTF-8"?>
<testng-results ignored="0" total="1" passed="1" failed="0" skipped="0">
  <reporter-output>
  </reporter-output>
  <suite started-at="2023-10-07T18:53:42 IST" name="Surefire suite" finished-at="2023-10-07T18:53:46 IST" duration-ms="4271">
    <groups>
    </groups>
    <test started-at="2023-10-07T18:53:42 IST" name="Surefire test" finished-at="2023-10-07T18:53:46 IST" duration-ms="4271">
      <class name="smaple.FirstTest">
        <test-method signature="testing()[pri:0, instance:smaple.FirstTest@5939a379]" started-at="2023-10-07T18:53:42 IST" name="testing" finished-at="2023-10-07T18:53:46 IST" duration-ms="4236" status="PASS">
          <reporter-output>
          </reporter-output>
        </test-method> <!-- testing -->
      </class> <!-- smaple.FirstTest -->
    </test> <!-- Surefire test -->
  </suite> <!-- Surefire suite -->
</testng-results>
