<?xml version="1.0" encoding="UTF-8"?>
<testng-results ignored="0" total="1" passed="1" failed="0" skipped="0">
  <reporter-output>
  </reporter-output>
  <suite started-at="2023-10-06T11:46:27 IST" name="Surefire suite" finished-at="2023-10-06T11:46:59 IST" duration-ms="32249">
    <groups>
    </groups>
    <test started-at="2023-10-06T11:46:27 IST" name="Surefire test" finished-at="2023-10-06T11:46:59 IST" duration-ms="32249">
      <class name="smaple.FirstTest">
        <test-method signature="testing()[pri:0, instance:smaple.FirstTest@501edcf1]" started-at="2023-10-06T11:46:27 IST" name="testing" finished-at="2023-10-06T11:46:59 IST" duration-ms="32219" status="PASS">
          <reporter-output>
          </reporter-output>
        </test-method> <!-- testing -->
      </class> <!-- smaple.FirstTest -->
    </test> <!-- Surefire test -->
  </suite> <!-- Surefire suite -->
</testng-results>
