<?xml version="1.0" encoding="UTF-8"?>
<testng-results ignored="0" total="1" passed="1" failed="0" skipped="0">
  <reporter-output>
  </reporter-output>
  <suite started-at="2023-10-05T17:56:08 IST" name="Default suite" finished-at="2023-10-05T17:56:12 IST" duration-ms="4064">
    <groups>
    </groups>
    <test started-at="2023-10-05T17:56:08 IST" name="Default test" finished-at="2023-10-05T17:56:12 IST" duration-ms="4064">
      <class name="smaple.FirstTest">
        <test-method signature="testing()[pri:0, instance:smaple.FirstTest@1ed4ae0f]" started-at="2023-10-05T17:56:08 IST" name="testing" finished-at="2023-10-05T17:56:12 IST" duration-ms="4021" status="PASS">
          <reporter-output>
          </reporter-output>
        </test-method> <!-- testing -->
      </class> <!-- smaple.FirstTest -->
    </test> <!-- Default test -->
  </suite> <!-- Default suite -->
</testng-results>
